[00:19:50] [Server thread/INFO]: Starting minecraft server version 1.12.2
[00:19:50] [Server thread/INFO]: Loading properties
[00:19:50] [Server thread/INFO]: Default game type: SURVIVAL
[00:19:50] [Server thread/INFO]: This server is running CraftBukkit version git-Spigot-dcd1643-e60fc34 (MC: 1.12.2) (Implementing API version 1.12.2-R0.1-SNAPSHOT)
[00:19:50] [Server thread/INFO]: Debug logging is disabled
[00:19:50] [Server thread/INFO]: Using 4 threads for Netty based IO
[00:19:50] [Server thread/INFO]: Server Ping Player Sample Count: 12
[00:19:50] [Server thread/INFO]: Generating keypair
[00:19:50] [Server thread/INFO]: Starting Minecraft server on *:25565
[00:19:50] [Server thread/INFO]: Using default channel type
[00:19:51] [Server thread/INFO]: **** Beginning UUID conversion, this may take A LONG time ****
[00:19:51] [Server thread/INFO]: Preparing level "world"
[00:19:51] [Server thread/INFO]: -------- World Settings For [world] --------
[00:19:51] [Server thread/INFO]: Allow Zombie Pigmen to spawn from portal blocks: true
[00:19:51] [Server thread/INFO]: Item Merge Radius: 2.5
[00:19:51] [Server thread/INFO]: Item Despawn Rate: 6000
[00:19:51] [Server thread/INFO]: View Distance: 10
[00:19:51] [Server thread/INFO]: Arrow Despawn Rate: 1200
[00:19:51] [Server thread/INFO]: Zombie Aggressive Towards Villager: true
[00:19:51] [Server thread/INFO]: Nerfing mobs spawned from spawners: false
[00:19:51] [Server thread/INFO]: Experience Merge Radius: 3.0
[00:19:51] [Server thread/INFO]: Custom Map Seeds:  Village: 10387312 Feature: 14357617 Monument: 10387313 Slime: 987234911
[00:19:51] [Server thread/INFO]: Cactus Growth Modifier: 100%
[00:19:51] [Server thread/INFO]: Cane Growth Modifier: 100%
[00:19:51] [Server thread/INFO]: Melon Growth Modifier: 100%
[00:19:51] [Server thread/INFO]: Mushroom Growth Modifier: 100%
[00:19:51] [Server thread/INFO]: Pumpkin Growth Modifier: 100%
[00:19:51] [Server thread/INFO]: Sapling Growth Modifier: 100%
[00:19:51] [Server thread/INFO]: Wheat Growth Modifier: 100%
[00:19:51] [Server thread/INFO]: NetherWart Growth Modifier: 100%
[00:19:51] [Server thread/INFO]: Vine Growth Modifier: 100%
[00:19:51] [Server thread/INFO]: Cocoa Growth Modifier: 100%
[00:19:51] [Server thread/INFO]: Entity Activation Range: An 32 / Mo 32 / Mi 16 / Tiv true
[00:19:51] [Server thread/INFO]: Entity Tracking Range: Pl 48 / An 48 / Mo 48 / Mi 32 / Other 64
[00:19:51] [Server thread/INFO]: Hopper Transfer: 8 Hopper Check: 1 Hopper Amount: 1
[00:19:51] [Server thread/INFO]: Mob Spawn Range: 4
[00:19:51] [Server thread/INFO]: Tile Max Tick Time: 50ms Entity max Tick Time: 50ms
[00:19:51] [Server thread/INFO]: Random Lighting Updates: false
[00:19:51] [Server thread/INFO]: Max TNT Explosions: 100
[00:19:51] [Server thread/INFO]: Structure Info Saving: true
[00:19:51] [Server thread/INFO]: -------- World Settings For [world_nether] --------
[00:19:51] [Server thread/INFO]: Allow Zombie Pigmen to spawn from portal blocks: true
[00:19:51] [Server thread/INFO]: Item Merge Radius: 2.5
[00:19:51] [Server thread/INFO]: Item Despawn Rate: 6000
[00:19:51] [Server thread/INFO]: View Distance: 10
[00:19:51] [Server thread/INFO]: Arrow Despawn Rate: 1200
[00:19:51] [Server thread/INFO]: Zombie Aggressive Towards Villager: true
[00:19:51] [Server thread/INFO]: Nerfing mobs spawned from spawners: false
[00:19:51] [Server thread/INFO]: Experience Merge Radius: 3.0
[00:19:51] [Server thread/INFO]: Custom Map Seeds:  Village: 10387312 Feature: 14357617 Monument: 10387313 Slime: 987234911
[00:19:51] [Server thread/INFO]: Cactus Growth Modifier: 100%
[00:19:51] [Server thread/INFO]: Cane Growth Modifier: 100%
[00:19:51] [Server thread/INFO]: Melon Growth Modifier: 100%
[00:19:51] [Server thread/INFO]: Mushroom Growth Modifier: 100%
[00:19:51] [Server thread/INFO]: Pumpkin Growth Modifier: 100%
[00:19:51] [Server thread/INFO]: Sapling Growth Modifier: 100%
[00:19:51] [Server thread/INFO]: Wheat Growth Modifier: 100%
[00:19:51] [Server thread/INFO]: NetherWart Growth Modifier: 100%
[00:19:51] [Server thread/INFO]: Vine Growth Modifier: 100%
[00:19:51] [Server thread/INFO]: Cocoa Growth Modifier: 100%
[00:19:51] [Server thread/INFO]: Entity Activation Range: An 32 / Mo 32 / Mi 16 / Tiv true
[00:19:51] [Server thread/INFO]: Entity Tracking Range: Pl 48 / An 48 / Mo 48 / Mi 32 / Other 64
[00:19:51] [Server thread/INFO]: Hopper Transfer: 8 Hopper Check: 1 Hopper Amount: 1
[00:19:51] [Server thread/INFO]: Mob Spawn Range: 4
[00:19:51] [Server thread/INFO]: Tile Max Tick Time: 50ms Entity max Tick Time: 50ms
[00:19:51] [Server thread/INFO]: Random Lighting Updates: false
[00:19:51] [Server thread/INFO]: Max TNT Explosions: 100
[00:19:51] [Server thread/INFO]: Structure Info Saving: true
[00:19:51] [Server thread/INFO]: -------- World Settings For [world_the_end] --------
[00:19:51] [Server thread/INFO]: Allow Zombie Pigmen to spawn from portal blocks: true
[00:19:51] [Server thread/INFO]: Item Merge Radius: 2.5
[00:19:51] [Server thread/INFO]: Item Despawn Rate: 6000
[00:19:51] [Server thread/INFO]: View Distance: 10
[00:19:51] [Server thread/INFO]: Arrow Despawn Rate: 1200
[00:19:51] [Server thread/INFO]: Zombie Aggressive Towards Villager: true
[00:19:51] [Server thread/INFO]: Nerfing mobs spawned from spawners: false
[00:19:51] [Server thread/INFO]: Experience Merge Radius: 3.0
[00:19:51] [Server thread/INFO]: Custom Map Seeds:  Village: 10387312 Feature: 14357617 Monument: 10387313 Slime: 987234911
[00:19:51] [Server thread/INFO]: Cactus Growth Modifier: 100%
[00:19:51] [Server thread/INFO]: Cane Growth Modifier: 100%
[00:19:51] [Server thread/INFO]: Melon Growth Modifier: 100%
[00:19:51] [Server thread/INFO]: Mushroom Growth Modifier: 100%
[00:19:51] [Server thread/INFO]: Pumpkin Growth Modifier: 100%
[00:19:51] [Server thread/INFO]: Sapling Growth Modifier: 100%
[00:19:51] [Server thread/INFO]: Wheat Growth Modifier: 100%
[00:19:51] [Server thread/INFO]: NetherWart Growth Modifier: 100%
[00:19:51] [Server thread/INFO]: Vine Growth Modifier: 100%
[00:19:51] [Server thread/INFO]: Cocoa Growth Modifier: 100%
[00:19:51] [Server thread/INFO]: Entity Activation Range: An 32 / Mo 32 / Mi 16 / Tiv true
[00:19:51] [Server thread/INFO]: Entity Tracking Range: Pl 48 / An 48 / Mo 48 / Mi 32 / Other 64
[00:19:51] [Server thread/INFO]: Hopper Transfer: 8 Hopper Check: 1 Hopper Amount: 1
[00:19:51] [Server thread/INFO]: Mob Spawn Range: 4
[00:19:51] [Server thread/INFO]: Tile Max Tick Time: 50ms Entity max Tick Time: 50ms
[00:19:51] [Server thread/INFO]: Random Lighting Updates: false
[00:19:51] [Server thread/INFO]: Max TNT Explosions: 100
[00:19:51] [Server thread/INFO]: Structure Info Saving: true
[00:19:51] [Server thread/INFO]: Preparing start region for level 0 (Seed: 3019855649581081734)
[00:19:52] [Server thread/INFO]: Preparing spawn area: 45%
[00:19:53] [Server thread/INFO]: Preparing start region for level 1 (Seed: 3019855649581081734)
[00:19:54] [Server thread/INFO]: Preparing start region for level 2 (Seed: 3019855649581081734)
[00:19:54] [Server thread/INFO]: Server permissions file permissions.yml is empty, ignoring it
[00:19:54] [Server thread/INFO]: Done (3.500s)! For help, type "help" or "?"
